

Microchip MPLAB XC8 Assembler V2.36 build 20220127204148 
                                                                                               Wed Jun 21 16:59:12 2023

Microchip MPLAB XC8 C Compiler v2.36 (Free license) build 20220127204148 Og1 
     1                           	processor	18F45K50
     2                           	fnconf	rparam,??,?,0
     3                           	pagewidth 120
     4                           	opt	flic
     5                           	psect	idataCOMRAM,global,class=CODE,delta=1,noexec
     6                           	psect	cinit,global,reloc=2,class=CODE,delta=1
     7                           	psect	dataCOMRAM,global,class=COMRAM,space=1,delta=1,lowdata,noexec
     8                           	psect	cstackCOMRAM,global,class=COMRAM,space=1,delta=1,lowdata,noexec
     9                           	psect	text0,global,reloc=2,class=CODE,delta=1
    10                           	psect	text1,global,reloc=2,class=CODE,delta=1
    11                           	psect	text2,global,reloc=2,class=CODE,delta=1
    12                           	psect	text3,global,reloc=2,class=CODE,delta=1
    13                           	psect	text4,global,reloc=2,class=CODE,delta=1
    14                           	psect	intsave_regs,global,class=BIGRAM,space=1,delta=1,noexec
    15                           	psect	rparam,global,class=COMRAM,space=1,delta=1,noexec
    16                           	psect	idloc,global,abs,ovrld,class=IDLOC,space=5,delta=1,noexec
    17                           	psect	config,global,abs,ovrld,class=CONFIG,space=4,delta=1,noexec
    18  0000                     
    19                           ; Version 2.35
    20                           ; Generated 05/05/2021 GMT
    21                           ; 
    22                           ; Copyright © 2021, Microchip Technology Inc. and its subsidiaries ("Microchip")
    23                           ; All rights reserved.
    24                           ; 
    25                           ; This software is developed by Microchip Technology Inc. and its subsidiaries ("Microch
      +                          ip").
    26                           ; 
    27                           ; Redistribution and use in source and binary forms, with or without modification, are
    28                           ; permitted provided that the following conditions are met:
    29                           ; 
    30                           ;     1. Redistributions of source code must retain the above copyright notice, this lis
      +                          t of
    31                           ;        conditions and the following disclaimer.
    32                           ; 
    33                           ;     2. Redistributions in binary form must reproduce the above copyright notice, this 
      +                          list
    34                           ;        of conditions and the following disclaimer in the documentation and/or other
    35                           ;        materials provided with the distribution. Publication is not required when
    36                           ;        this file is used in an embedded application.
    37                           ; 
    38                           ;     3. Microchip's name may not be used to endorse or promote products derived from th
      +                          is
    39                           ;        software without specific prior written permission.
    40                           ; 
    41                           ; THIS SOFTWARE IS PROVIDED BY MICROCHIP "AS IS" AND ANY EXPRESS OR IMPLIED WARRANTIES,
    42                           ; INCLUDING, BUT NOT LIMITED TO, THE IMPLIED WARRANTIES OF MERCHANTABILITY AND FITNESS F
      +                          OR
    43                           ; PURPOSE ARE DISCLAIMED.  IN NO EVENT SHALL MICROCHIP BE LIABLE FOR ANY DIRECT, INDIREC
      +                          T,
    44                           ; INCIDENTAL, SPECIAL, EXEMPLARY, OR CONSEQUENTIAL DAMAGES (INCLUDING BUT NOT LIMITED TO
    45                           ; PROCUREMENT OF SUBSTITUTE GOODS OR SERVICES; LOSS OF USE, DATA OR PROFITS; OR BUSINESS
    46                           ; INTERRUPTION) HOWSOEVER CAUSED AND ON ANY THEORY OF LIABILITY, WHETHER IN CONTRACT, ST
      +                          RICT
    47                           ; LIABILITY, OR TORT (INCLUDING NEGLIGENCE OR OTHERWISE) ARISING IN ANY WAY OUT OF THE U
      +                          SE OF
    48                           ; THIS SOFTWARE, EVEN IF ADVISED OF THE POSSIBILITY OF SUCH DAMAGE.
    49                           ; 
    50                           ; 
    51                           ; Code-generator required, PIC18F45K50 Definitions
    52                           ; 
    53                           ; SFR Addresses
    54  0000                     
    55                           	psect	idataCOMRAM
    56  007E8E                     __pidataCOMRAM:
    57                           	callstack 0
    58                           
    59                           ;initializer for _auto_fantastico
    60  007E8E  01                 	db	1
    61  007E8F  02                 	db	2
    62  007E90  04                 	db	4
    63  007E91  08                 	db	8
    64  007E92  10                 	db	16
    65  007E93  20                 	db	32
    66  007E94  40                 	db	64
    67  007E95  80                 	db	128
    68  007E96  40                 	db	64
    69  007E97  20                 	db	32
    70  007E98  10                 	db	16
    71  007E99  08                 	db	8
    72  007E9A  04                 	db	4
    73  007E9B  02                 	db	2
    74  0000                     _SSP1STATbits	set	4039
    75  0000                     _SSP1ADD	set	4040
    76  0000                     _ANSELD	set	3934
    77  0000                     _TRISD	set	3989
    78  0000                     _OSCCON	set	4051
    79  0000                     _SSP1CON2bits	set	4037
    80  0000                     _SSP1CON1bits	set	4038
    81  0000                     _LATD	set	3980
    82  0000                     _SSP1BUF	set	4041
    83                           
    84                           ; #config settings
    85                           
    86                           	psect	cinit
    87  007EBC                     __pcinit:
    88                           	callstack 0
    89  007EBC                     start_initialization:
    90                           	callstack 0
    91  007EBC                     __initialization:
    92                           	callstack 0
    93                           
    94                           ; Initialize objects allocated to COMRAM (14 bytes)
    95                           ; load TBLPTR registers with __pidataCOMRAM
    96  007EBC  0E8E               	movlw	low __pidataCOMRAM
    97  007EBE  6EF6               	movwf	tblptrl,c
    98  007EC0  0E7E               	movlw	high __pidataCOMRAM
    99  007EC2  6EF7               	movwf	tblptrh,c
   100  007EC4  0E00               	movlw	low (__pidataCOMRAM shr (0+16))
   101  007EC6  6EF8               	movwf	tblptru,c
   102  007EC8  EE00  F001         	lfsr	0,__pdataCOMRAM
   103  007ECC  EE10 F00E          	lfsr	1,14
   104  007ED0                     copy_data0:
   105  007ED0  0009               	tblrd		*+
   106  007ED2  CFF5 FFEE          	movff	tablat,postinc0
   107  007ED6  50E5               	movf	postdec1,w,c
   108  007ED8  50E1               	movf	fsr1l,w,c
   109  007EDA  E1FA               	bnz	copy_data0
   110  007EDC                     end_of_initialization:
   111                           	callstack 0
   112  007EDC                     __end_of__initialization:
   113                           	callstack 0
   114  007EDC  0100               	movlb	0
   115  007EDE  EF71  F03F         	goto	_main	;jump to C main() function
   116                           
   117                           	psect	dataCOMRAM
   118  000001                     __pdataCOMRAM:
   119                           	callstack 0
   120  000001                     _auto_fantastico:
   121                           	callstack 0
   122  000001                     	ds	14
   123                           
   124                           	psect	cstackCOMRAM
   125  00000F                     __pcstackCOMRAM:
   126                           	callstack 0
   127  00000F                     pcf8574_write@dato:
   128                           	callstack 0
   129  00000F                     pcf8574_read@direccion:
   130                           	callstack 0
   131                           
   132                           ; 1 bytes @ 0x0
   133  00000F                     	ds	1
   134  000010                     pcf8574_write@direccion:
   135                           	callstack 0
   136                           
   137                           ; 1 bytes @ 0x1
   138  000010                     	ds	1
   139  000011                     ??_main:
   140                           
   141                           ; 1 bytes @ 0x2
   142  000011                     	ds	1
   143  000012                     main@x:
   144                           	callstack 0
   145                           
   146                           ; 1 bytes @ 0x3
   147  000012                     	ds	1
   148                           
   149 ;;
   150 ;;Main: autosize = 0, tempsize = 1, incstack = 0, save=0
   151 ;;
   152 ;; *************** function _main *****************
   153 ;; Defined at:
   154 ;;		line 48 in file "maincode1.c"
   155 ;; Parameters:    Size  Location     Type
   156 ;;		None
   157 ;; Auto vars:     Size  Location     Type
   158 ;;  x               1    3[COMRAM] unsigned char 
   159 ;; Return value:  Size  Location     Type
   160 ;;                  1    wreg      void 
   161 ;; Registers used:
   162 ;;		wreg, fsr2l, fsr2h, status,2, status,0, cstack
   163 ;; Tracked objects:
   164 ;;		On entry : 0/0
   165 ;;		On exit  : 0/0
   166 ;;		Unchanged: 0/0
   167 ;; Data sizes:     COMRAM   BANK0   BANK1   BANK2   BANK3   BANK4   BANK5   BANK6   BANK7
   168 ;;      Params:         0       0       0       0       0       0       0       0       0
   169 ;;      Locals:         1       0       0       0       0       0       0       0       0
   170 ;;      Temps:          1       0       0       0       0       0       0       0       0
   171 ;;      Totals:         2       0       0       0       0       0       0       0       0
   172 ;;Total ram usage:        2 bytes
   173 ;; Hardware stack levels required when called: 1
   174 ;; This function calls:
   175 ;;		_configuro
   176 ;;		_mssp_conf
   177 ;;		_pcf8574_read
   178 ;;		_pcf8574_write
   179 ;; This function is called by:
   180 ;;		Startup code after reset
   181 ;; This function uses a non-reentrant model
   182 ;;
   183                           
   184                           	psect	text0
   185  007EE2                     __ptext0:
   186                           	callstack 0
   187  007EE2                     _main:
   188                           	callstack 30
   189  007EE2                     
   190                           ;maincode1.c: 49:     configuro();
   191  007EE2  EC4E  F03F         	call	_configuro	;wreg free
   192                           
   193                           ;maincode1.c: 50:     mssp_conf();
   194  007EE6  EC56  F03F         	call	_mssp_conf	;wreg free
   195  007EEA                     l798:
   196                           
   197                           ;maincode1.c: 52:         unsigned char x;;maincode1.c: 53:         for(x=0;x<14;x++){
   198  007EEA  0E00               	movlw	0
   199  007EEC  6E12               	movwf	main@x^0,c
   200  007EEE                     l804:
   201                           
   202                           ;maincode1.c: 54:             pcf8574_write(0x40, auto_fantastico[x]);
   203  007EEE  0E01               	movlw	low _auto_fantastico
   204  007EF0  2412               	addwf	main@x^0,w,c
   205  007EF2  6ED9               	movwf	fsr2l,c
   206  007EF4  6ADA               	clrf	fsr2h,c
   207  007EF6  0E00               	movlw	high _auto_fantastico
   208  007EF8  22DA               	addwfc	fsr2h,f,c
   209  007EFA  50DF               	movf	indf2,w,c
   210  007EFC  6E0F               	movwf	pcf8574_write@dato^0,c
   211  007EFE  0E40               	movlw	64
   212  007F00  EC9A  F03F         	call	_pcf8574_write
   213  007F04                     
   214                           ;maincode1.c: 55:             LATD = pcf8574_read(0x40);
   215  007F04  0E40               	movlw	64
   216  007F06  ECCC  F03F         	call	_pcf8574_read
   217  007F0A  6E8C               	movwf	140,c	;volatile
   218  007F0C                     
   219                           ;maincode1.c: 56:             _delay((unsigned long)((100)*(4000000UL/4000.0)));
   220  007F0C  0E82               	movlw	130
   221  007F0E  6E11               	movwf	??_main^0,c
   222  007F10  0EDE               	movlw	222
   223  007F12                     u217:
   224  007F12  2EE8               	decfsz	wreg,f,c
   225  007F14  D7FE               	bra	u217
   226  007F16  2E11               	decfsz	??_main^0,f,c
   227  007F18  D7FC               	bra	u217
   228  007F1A                     
   229                           ;maincode1.c: 57:         }
   230  007F1A  2A12               	incf	main@x^0,f,c
   231  007F1C  0E0D               	movlw	13
   232  007F1E  6412               	cpfsgt	main@x^0,c
   233  007F20  EF94  F03F         	goto	u201
   234  007F24  EF96  F03F         	goto	u200
   235  007F28                     u201:
   236  007F28  EF77  F03F         	goto	l804
   237  007F2C                     u200:
   238  007F2C  EF75  F03F         	goto	l798
   239  007F30  EF00  F000         	goto	start
   240  007F34                     __end_of_main:
   241                           	callstack 0
   242                           
   243 ;; *************** function _pcf8574_write *****************
   244 ;; Defined at:
   245 ;;		line 19 in file "maincode1.c"
   246 ;; Parameters:    Size  Location     Type
   247 ;;  direccion       1    wreg     unsigned char 
   248 ;;  dato            1    0[COMRAM] unsigned char 
   249 ;; Auto vars:     Size  Location     Type
   250 ;;  direccion       1    1[COMRAM] unsigned char 
   251 ;; Return value:  Size  Location     Type
   252 ;;                  1    wreg      void 
   253 ;; Registers used:
   254 ;;		wreg
   255 ;; Tracked objects:
   256 ;;		On entry : 0/0
   257 ;;		On exit  : 0/0
   258 ;;		Unchanged: 0/0
   259 ;; Data sizes:     COMRAM   BANK0   BANK1   BANK2   BANK3   BANK4   BANK5   BANK6   BANK7
   260 ;;      Params:         1       0       0       0       0       0       0       0       0
   261 ;;      Locals:         1       0       0       0       0       0       0       0       0
   262 ;;      Temps:          0       0       0       0       0       0       0       0       0
   263 ;;      Totals:         2       0       0       0       0       0       0       0       0
   264 ;;Total ram usage:        2 bytes
   265 ;; Hardware stack levels used: 1
   266 ;; This function calls:
   267 ;;		Nothing
   268 ;; This function is called by:
   269 ;;		_main
   270 ;; This function uses a non-reentrant model
   271 ;;
   272                           
   273                           	psect	text1
   274  007F34                     __ptext1:
   275                           	callstack 0
   276  007F34                     _pcf8574_write:
   277                           	callstack 30
   278                           
   279                           ;incstack = 0
   280                           ;pcf8574_write@direccion stored from wreg
   281  007F34  6E10               	movwf	pcf8574_write@direccion^0,c
   282  007F36                     
   283                           ;maincode1.c: 20:     SSP1CON2bits.SEN = 1;
   284  007F36  80C5               	bsf	197,0,c	;volatile
   285  007F38                     l31:
   286  007F38  B0C5               	btfsc	197,0,c	;volatile
   287  007F3A  EFA1  F03F         	goto	u141
   288  007F3E  EFA3  F03F         	goto	u140
   289  007F42                     u141:
   290  007F42  EF9C  F03F         	goto	l31
   291  007F46                     u140:
   292  007F46                     
   293                           ;maincode1.c: 22:     SSP1BUF = direccion;
   294  007F46  C010  FFC9         	movff	pcf8574_write@direccion,4041	;volatile
   295  007F4A                     l34:
   296  007F4A  B0C7               	btfsc	199,0,c	;volatile
   297  007F4C  EFAA  F03F         	goto	u151
   298  007F50  EFAC  F03F         	goto	u150
   299  007F54                     u151:
   300  007F54  EFA5  F03F         	goto	l34
   301  007F58                     u150:
   302  007F58                     l37:
   303  007F58  B4C7               	btfsc	199,2,c	;volatile
   304  007F5A  EFB1  F03F         	goto	u161
   305  007F5E  EFB3  F03F         	goto	u160
   306  007F62                     u161:
   307  007F62  EFAC  F03F         	goto	l37
   308  007F66                     u160:
   309  007F66                     
   310                           ;maincode1.c: 25:     SSP1BUF = dato;
   311  007F66  C00F  FFC9         	movff	pcf8574_write@dato,4041	;volatile
   312  007F6A                     l40:
   313  007F6A  B0C7               	btfsc	199,0,c	;volatile
   314  007F6C  EFBA  F03F         	goto	u171
   315  007F70  EFBC  F03F         	goto	u170
   316  007F74                     u171:
   317  007F74  EFB5  F03F         	goto	l40
   318  007F78                     u170:
   319  007F78                     l43:
   320  007F78  B4C7               	btfsc	199,2,c	;volatile
   321  007F7A  EFC1  F03F         	goto	u181
   322  007F7E  EFC3  F03F         	goto	u180
   323  007F82                     u181:
   324  007F82  EFBC  F03F         	goto	l43
   325  007F86                     u180:
   326  007F86                     
   327                           ;maincode1.c: 28:     SSP1CON2bits.PEN = 1;
   328  007F86  84C5               	bsf	197,2,c	;volatile
   329  007F88                     l46:
   330  007F88  B4C5               	btfsc	197,2,c	;volatile
   331  007F8A  EFC9  F03F         	goto	u191
   332  007F8E  EFCB  F03F         	goto	u190
   333  007F92                     u191:
   334  007F92  EFC4  F03F         	goto	l46
   335  007F96                     u190:
   336  007F96  0012               	return		;funcret
   337  007F98                     __end_of_pcf8574_write:
   338                           	callstack 0
   339                           
   340 ;; *************** function _pcf8574_read *****************
   341 ;; Defined at:
   342 ;;		line 32 in file "maincode1.c"
   343 ;; Parameters:    Size  Location     Type
   344 ;;  direccion       1    wreg     unsigned char 
   345 ;; Auto vars:     Size  Location     Type
   346 ;;  direccion       1    0[COMRAM] unsigned char 
   347 ;; Return value:  Size  Location     Type
   348 ;;                  1    wreg      unsigned char 
   349 ;; Registers used:
   350 ;;		wreg, status,2, status,0
   351 ;; Tracked objects:
   352 ;;		On entry : 0/0
   353 ;;		On exit  : 0/0
   354 ;;		Unchanged: 0/0
   355 ;; Data sizes:     COMRAM   BANK0   BANK1   BANK2   BANK3   BANK4   BANK5   BANK6   BANK7
   356 ;;      Params:         0       0       0       0       0       0       0       0       0
   357 ;;      Locals:         1       0       0       0       0       0       0       0       0
   358 ;;      Temps:          0       0       0       0       0       0       0       0       0
   359 ;;      Totals:         1       0       0       0       0       0       0       0       0
   360 ;;Total ram usage:        1 bytes
   361 ;; Hardware stack levels used: 1
   362 ;; This function calls:
   363 ;;		Nothing
   364 ;; This function is called by:
   365 ;;		_main
   366 ;; This function uses a non-reentrant model
   367 ;;
   368                           
   369                           	psect	text2
   370  007F98                     __ptext2:
   371                           	callstack 0
   372  007F98                     _pcf8574_read:
   373                           	callstack 30
   374                           
   375                           ;incstack = 0
   376                           ;pcf8574_read@direccion stored from wreg
   377  007F98  6E0F               	movwf	pcf8574_read@direccion^0,c
   378  007F9A                     
   379                           ;maincode1.c: 33:     SSP1CON2bits.SEN = 1;
   380  007F9A  80C5               	bsf	197,0,c	;volatile
   381  007F9C                     l52:
   382  007F9C  B0C5               	btfsc	197,0,c	;volatile
   383  007F9E  EFD3  F03F         	goto	u71
   384  007FA2  EFD5  F03F         	goto	u70
   385  007FA6                     u71:
   386  007FA6  EFCE  F03F         	goto	l52
   387  007FAA                     u70:
   388  007FAA                     
   389                           ;maincode1.c: 35:     SSP1BUF = direccion + 1;
   390  007FAA  280F               	incf	pcf8574_read@direccion^0,w,c
   391  007FAC  6EC9               	movwf	201,c	;volatile
   392  007FAE                     l55:
   393  007FAE  B0C7               	btfsc	199,0,c	;volatile
   394  007FB0  EFDC  F03F         	goto	u81
   395  007FB4  EFDE  F03F         	goto	u80
   396  007FB8                     u81:
   397  007FB8  EFD7  F03F         	goto	l55
   398  007FBC                     u80:
   399  007FBC                     l58:
   400  007FBC  B4C7               	btfsc	199,2,c	;volatile
   401  007FBE  EFE3  F03F         	goto	u91
   402  007FC2  EFE5  F03F         	goto	u90
   403  007FC6                     u91:
   404  007FC6  EFDE  F03F         	goto	l58
   405  007FCA                     u90:
   406  007FCA                     
   407                           ;maincode1.c: 38:     SSP1CON2bits.RCEN = 1;
   408  007FCA  86C5               	bsf	197,3,c	;volatile
   409  007FCC                     l61:
   410  007FCC  A0C7               	btfss	199,0,c	;volatile
   411  007FCE  EFEB  F03F         	goto	u101
   412  007FD2  EFED  F03F         	goto	u100
   413  007FD6                     u101:
   414  007FD6  EFE6  F03F         	goto	l61
   415  007FDA                     u100:
   416  007FDA                     
   417                           ;maincode1.c: 40:     SSP1CON2bits.ACKDT = 1;
   418  007FDA  8AC5               	bsf	197,5,c	;volatile
   419                           
   420                           ;maincode1.c: 41:     SSP1CON2bits.ACKEN = 1;
   421  007FDC  88C5               	bsf	197,4,c	;volatile
   422  007FDE                     l64:
   423  007FDE  B8C5               	btfsc	197,4,c	;volatile
   424  007FE0  EFF4  F03F         	goto	u111
   425  007FE4  EFF6  F03F         	goto	u110
   426  007FE8                     u111:
   427  007FE8  EFEF  F03F         	goto	l64
   428  007FEC                     u110:
   429  007FEC                     
   430                           ;maincode1.c: 43:     SSP1CON2bits.PEN = 1;
   431  007FEC  84C5               	bsf	197,2,c	;volatile
   432  007FEE                     l67:
   433  007FEE  B4C5               	btfsc	197,2,c	;volatile
   434  007FF0  EFFC  F03F         	goto	u121
   435  007FF4  EFFE  F03F         	goto	u120
   436  007FF8                     u121:
   437  007FF8  EFF7  F03F         	goto	l67
   438  007FFC                     u120:
   439  007FFC                     
   440                           ;maincode1.c: 45:     return SSP1BUF;
   441  007FFC  50C9               	movf	201,w,c	;volatile
   442  007FFE  0012               	return		;funcret
   443  008000                     __end_of_pcf8574_read:
   444                           	callstack 0
   445                           
   446 ;; *************** function _mssp_conf *****************
   447 ;; Defined at:
   448 ;;		line 13 in file "maincode1.c"
   449 ;; Parameters:    Size  Location     Type
   450 ;;		None
   451 ;; Auto vars:     Size  Location     Type
   452 ;;		None
   453 ;; Return value:  Size  Location     Type
   454 ;;                  1    wreg      void 
   455 ;; Registers used:
   456 ;;		wreg, status,2
   457 ;; Tracked objects:
   458 ;;		On entry : 0/0
   459 ;;		On exit  : 0/0
   460 ;;		Unchanged: 0/0
   461 ;; Data sizes:     COMRAM   BANK0   BANK1   BANK2   BANK3   BANK4   BANK5   BANK6   BANK7
   462 ;;      Params:         0       0       0       0       0       0       0       0       0
   463 ;;      Locals:         0       0       0       0       0       0       0       0       0
   464 ;;      Temps:          0       0       0       0       0       0       0       0       0
   465 ;;      Totals:         0       0       0       0       0       0       0       0       0
   466 ;;Total ram usage:        0 bytes
   467 ;; Hardware stack levels used: 1
   468 ;; This function calls:
   469 ;;		Nothing
   470 ;; This function is called by:
   471 ;;		_main
   472 ;; This function uses a non-reentrant model
   473 ;;
   474                           
   475                           	psect	text3
   476  007EAC                     __ptext3:
   477                           	callstack 0
   478  007EAC                     _mssp_conf:
   479                           	callstack 30
   480  007EAC                     
   481                           ;maincode1.c: 14:     SSP1CON1bits.SSPEN = 1;
   482  007EAC  8AC6               	bsf	198,5,c	;volatile
   483  007EAE                     
   484                           ;maincode1.c: 15:     SSP1CON1bits.SSPM = 0b1000;
   485  007EAE  50C6               	movf	198,w,c	;volatile
   486  007EB0  0BF0               	andlw	-16
   487  007EB2  0908               	iorlw	8
   488  007EB4  6EC6               	movwf	198,c	;volatile
   489                           
   490                           ;maincode1.c: 16:     SSP1ADD = 119;
   491  007EB6  0E77               	movlw	119
   492  007EB8  6EC8               	movwf	200,c	;volatile
   493  007EBA  0012               	return		;funcret
   494  007EBC                     __end_of_mssp_conf:
   495                           	callstack 0
   496                           
   497 ;; *************** function _configuro *****************
   498 ;; Defined at:
   499 ;;		line 7 in file "maincode1.c"
   500 ;; Parameters:    Size  Location     Type
   501 ;;		None
   502 ;; Auto vars:     Size  Location     Type
   503 ;;		None
   504 ;; Return value:  Size  Location     Type
   505 ;;                  1    wreg      void 
   506 ;; Registers used:
   507 ;;		wreg, status,2
   508 ;; Tracked objects:
   509 ;;		On entry : 0/0
   510 ;;		On exit  : 0/0
   511 ;;		Unchanged: 0/0
   512 ;; Data sizes:     COMRAM   BANK0   BANK1   BANK2   BANK3   BANK4   BANK5   BANK6   BANK7
   513 ;;      Params:         0       0       0       0       0       0       0       0       0
   514 ;;      Locals:         0       0       0       0       0       0       0       0       0
   515 ;;      Temps:          0       0       0       0       0       0       0       0       0
   516 ;;      Totals:         0       0       0       0       0       0       0       0       0
   517 ;;Total ram usage:        0 bytes
   518 ;; Hardware stack levels used: 1
   519 ;; This function calls:
   520 ;;		Nothing
   521 ;; This function is called by:
   522 ;;		_main
   523 ;; This function uses a non-reentrant model
   524 ;;
   525                           
   526                           	psect	text4
   527  007E9C                     __ptext4:
   528                           	callstack 0
   529  007E9C                     _configuro:
   530                           	callstack 30
   531  007E9C                     
   532                           ;maincode1.c: 8:     OSCCON = 0x52;
   533  007E9C  0E52               	movlw	82
   534  007E9E  6ED3               	movwf	211,c	;volatile
   535                           
   536                           ;maincode1.c: 9:     TRISD = 0x00;
   537  007EA0  0E00               	movlw	0
   538  007EA2  6E95               	movwf	149,c	;volatile
   539                           
   540                           ;maincode1.c: 10:     ANSELD = 0x00;
   541  007EA4  0E00               	movlw	0
   542  007EA6  010F               	movlb	15	; () banked
   543  007EA8  6F5E               	movwf	94,b	;volatile
   544  007EAA                     
   545                           ; BSR set to: 15
   546  007EAA  0012               	return		;funcret
   547  007EAC                     __end_of_configuro:
   548                           	callstack 0
   549  0000                     
   550                           	psect	rparam
   551  0000                     
   552                           	psect	idloc
   553                           
   554                           ;Config register IDLOC0 @ 0x200000
   555                           ;	unspecified, using default values
   556  200000                     	org	2097152
   557  200000  FF                 	db	255
   558                           
   559                           ;Config register IDLOC1 @ 0x200001
   560                           ;	unspecified, using default values
   561  200001                     	org	2097153
   562  200001  FF                 	db	255
   563                           
   564                           ;Config register IDLOC2 @ 0x200002
   565                           ;	unspecified, using default values
   566  200002                     	org	2097154
   567  200002  FF                 	db	255
   568                           
   569                           ;Config register IDLOC3 @ 0x200003
   570                           ;	unspecified, using default values
   571  200003                     	org	2097155
   572  200003  FF                 	db	255
   573                           
   574                           ;Config register IDLOC4 @ 0x200004
   575                           ;	unspecified, using default values
   576  200004                     	org	2097156
   577  200004  FF                 	db	255
   578                           
   579                           ;Config register IDLOC5 @ 0x200005
   580                           ;	unspecified, using default values
   581  200005                     	org	2097157
   582  200005  FF                 	db	255
   583                           
   584                           ;Config register IDLOC6 @ 0x200006
   585                           ;	unspecified, using default values
   586  200006                     	org	2097158
   587  200006  FF                 	db	255
   588                           
   589                           ;Config register IDLOC7 @ 0x200007
   590                           ;	unspecified, using default values
   591  200007                     	org	2097159
   592  200007  FF                 	db	255
   593                           
   594                           	psect	config
   595                           
   596                           ;Config register CONFIG1L @ 0x300000
   597                           ;	PLL Selection
   598                           ;	PLLSEL = PLL4X, 4x clock multiplier
   599                           ;	PLL Enable Configuration bit
   600                           ;	CFGPLLEN = OFF, PLL Disabled (firmware controlled)
   601                           ;	CPU System Clock Postscaler
   602                           ;	CPUDIV = NOCLKDIV, CPU uses system clock (no divide)
   603                           ;	Low Speed USB mode with 48 MHz system clock
   604                           ;	LS48MHZ = SYS24X4, System clock at 24 MHz, USB clock divider is set to 4
   605  300000                     	org	3145728
   606  300000  00                 	db	0
   607                           
   608                           ;Config register CONFIG1H @ 0x300001
   609                           ;	Oscillator Selection
   610                           ;	FOSC = INTOSCIO, Internal oscillator
   611                           ;	Primary Oscillator Shutdown
   612                           ;	PCLKEN = OFF, Primary oscillator shutdown firmware controlled
   613                           ;	Fail-Safe Clock Monitor
   614                           ;	FCMEN = OFF, Fail-Safe Clock Monitor disabled
   615                           ;	Internal/External Oscillator Switchover
   616                           ;	IESO = OFF, Oscillator Switchover mode disabled
   617  300001                     	org	3145729
   618  300001  08                 	db	8
   619                           
   620                           ;Config register CONFIG2L @ 0x300002
   621                           ;	Power-up Timer Enable
   622                           ;	nPWRTEN = ON, Power up timer enabled
   623                           ;	Brown-out Reset Enable
   624                           ;	BOREN = OFF, BOR disabled in hardware (SBOREN is ignored)
   625                           ;	Brown-out Reset Voltage
   626                           ;	BORV = 190, BOR set to 1.9V nominal
   627                           ;	Low-Power Brown-out Reset
   628                           ;	nLPBOR = OFF, Low-Power Brown-out Reset disabled
   629  300002                     	org	3145730
   630  300002  58                 	db	88
   631                           
   632                           ;Config register CONFIG2H @ 0x300003
   633                           ;	Watchdog Timer Enable bits
   634                           ;	WDTEN = OFF, WDT disabled in hardware (SWDTEN ignored)
   635                           ;	Watchdog Timer Postscaler
   636                           ;	WDTPS = 32768, 1:32768
   637  300003                     	org	3145731
   638  300003  3C                 	db	60
   639                           
   640                           ; Padding undefined space
   641  300004                     	org	3145732
   642  300004  FF                 	db	255
   643                           
   644                           ;Config register CONFIG3H @ 0x300005
   645                           ;	CCP2 MUX bit
   646                           ;	CCP2MX = RC1, CCP2 input/output is multiplexed with RC1
   647                           ;	PORTB A/D Enable bit
   648                           ;	PBADEN = OFF, PORTB<5:0> pins are configured as digital I/O on Reset
   649                           ;	Timer3 Clock Input MUX bit
   650                           ;	T3CMX = RC0, T3CKI function is on RC0
   651                           ;	SDO Output MUX bit
   652                           ;	SDOMX = RB3, SDO function is on RB3
   653                           ;	Master Clear Reset Pin Enable
   654                           ;	MCLRE = ON, MCLR pin enabled; RE3 input disabled
   655  300005                     	org	3145733
   656  300005  D1                 	db	209
   657                           
   658                           ;Config register CONFIG4L @ 0x300006
   659                           ;	Stack Full/Underflow Reset
   660                           ;	STVREN = ON, Stack full/underflow will cause Reset
   661                           ;	Single-Supply ICSP Enable bit
   662                           ;	LVP = OFF, Single-Supply ICSP disabled
   663                           ;	Dedicated In-Circuit Debug/Programming Port Enable
   664                           ;	ICPRT = OFF, ICPORT disabled
   665                           ;	Extended Instruction Set Enable bit
   666                           ;	XINST = OFF, Instruction set extension and Indexed Addressing mode disabled
   667                           ;	Background Debugger Enable bit
   668                           ;	DEBUG = 0x1, unprogrammed default
   669  300006                     	org	3145734
   670  300006  81                 	db	129
   671                           
   672                           ; Padding undefined space
   673  300007                     	org	3145735
   674  300007  FF                 	db	255
   675                           
   676                           ;Config register CONFIG5L @ 0x300008
   677                           ;	Block 0 Code Protect
   678                           ;	CP0 = OFF, Block 0 is not code-protected
   679                           ;	Block 1 Code Protect
   680                           ;	CP1 = OFF, Block 1 is not code-protected
   681                           ;	Block 2 Code Protect
   682                           ;	CP2 = OFF, Block 2 is not code-protected
   683                           ;	Block 3 Code Protect
   684                           ;	CP3 = OFF, Block 3 is not code-protected
   685  300008                     	org	3145736
   686  300008  0F                 	db	15
   687                           
   688                           ;Config register CONFIG5H @ 0x300009
   689                           ;	Boot Block Code Protect
   690                           ;	CPB = OFF, Boot block is not code-protected
   691                           ;	Data EEPROM Code Protect
   692                           ;	CPD = OFF, Data EEPROM is not code-protected
   693  300009                     	org	3145737
   694  300009  C0                 	db	192
   695                           
   696                           ;Config register CONFIG6L @ 0x30000A
   697                           ;	Block 0 Write Protect
   698                           ;	WRT0 = OFF, Block 0 (0800-1FFFh) is not write-protected
   699                           ;	Block 1 Write Protect
   700                           ;	WRT1 = OFF, Block 1 (2000-3FFFh) is not write-protected
   701                           ;	Block 2 Write Protect
   702                           ;	WRT2 = OFF, Block 2 (04000-5FFFh) is not write-protected
   703                           ;	Block 3 Write Protect
   704                           ;	WRT3 = OFF, Block 3 (06000-7FFFh) is not write-protected
   705  30000A                     	org	3145738
   706  30000A  0F                 	db	15
   707                           
   708                           ;Config register CONFIG6H @ 0x30000B
   709                           ;	Configuration Registers Write Protect
   710                           ;	WRTC = OFF, Configuration registers (300000-3000FFh) are not write-protected
   711                           ;	Boot Block Write Protect
   712                           ;	WRTB = OFF, Boot block (0000-7FFh) is not write-protected
   713                           ;	Data EEPROM Write Protect
   714                           ;	WRTD = OFF, Data EEPROM is not write-protected
   715  30000B                     	org	3145739
   716  30000B  E0                 	db	224
   717                           
   718                           ;Config register CONFIG7L @ 0x30000C
   719                           ;	Block 0 Table Read Protect
   720                           ;	EBTR0 = OFF, Block 0 is not protected from table reads executed in other blocks
   721                           ;	Block 1 Table Read Protect
   722                           ;	EBTR1 = OFF, Block 1 is not protected from table reads executed in other blocks
   723                           ;	Block 2 Table Read Protect
   724                           ;	EBTR2 = OFF, Block 2 is not protected from table reads executed in other blocks
   725                           ;	Block 3 Table Read Protect
   726                           ;	EBTR3 = OFF, Block 3 is not protected from table reads executed in other blocks
   727  30000C                     	org	3145740
   728  30000C  0F                 	db	15
   729                           
   730                           ;Config register CONFIG7H @ 0x30000D
   731                           ;	Boot Block Table Read Protect
   732                           ;	EBTRB = OFF, Boot block is not protected from table reads executed in other blocks
   733  30000D                     	org	3145741
   734  30000D  40                 	db	64
   735                           tosu	equ	0xFFF
   736                           tosh	equ	0xFFE
   737                           tosl	equ	0xFFD
   738                           stkptr	equ	0xFFC
   739                           pclatu	equ	0xFFB
   740                           pclath	equ	0xFFA
   741                           pcl	equ	0xFF9
   742                           tblptru	equ	0xFF8
   743                           tblptrh	equ	0xFF7
   744                           tblptrl	equ	0xFF6
   745                           tablat	equ	0xFF5
   746                           prodh	equ	0xFF4
   747                           prodl	equ	0xFF3
   748                           indf0	equ	0xFEF
   749                           postinc0	equ	0xFEE
   750                           postdec0	equ	0xFED
   751                           preinc0	equ	0xFEC
   752                           plusw0	equ	0xFEB
   753                           fsr0h	equ	0xFEA
   754                           fsr0l	equ	0xFE9
   755                           wreg	equ	0xFE8
   756                           indf1	equ	0xFE7
   757                           postinc1	equ	0xFE6
   758                           postdec1	equ	0xFE5
   759                           preinc1	equ	0xFE4
   760                           plusw1	equ	0xFE3
   761                           fsr1h	equ	0xFE2
   762                           fsr1l	equ	0xFE1
   763                           bsr	equ	0xFE0
   764                           indf2	equ	0xFDF
   765                           postinc2	equ	0xFDE
   766                           postdec2	equ	0xFDD
   767                           preinc2	equ	0xFDC
   768                           plusw2	equ	0xFDB
   769                           fsr2h	equ	0xFDA
   770                           fsr2l	equ	0xFD9
   771                           status	equ	0xFD8

Data Sizes:
    Strings     0
    Constant    0
    Data        14
    BSS         0
    Persistent  0
    Stack       0

Auto Spaces:
    Space          Size  Autos    Used
    COMRAM           95      4      18
    BANK0           160      0       0
    BANK1           256      0       0
    BANK2           256      0       0
    BANK3           256      0       0
    BANK4           256      0       0
    BANK5           256      0       0
    BANK6           256      0       0
    BANK7           256      0       0

Pointer List with Targets:

    None.

Critical Paths under _main in COMRAM

    _main->_pcf8574_write

Critical Paths under _main in BANK0

    None.

Critical Paths under _main in BANK1

    None.

Critical Paths under _main in BANK2

    None.

Critical Paths under _main in BANK3

    None.

Critical Paths under _main in BANK4

    None.

Critical Paths under _main in BANK5

    None.

Critical Paths under _main in BANK6

    None.

Critical Paths under _main in BANK7

    None.

Call Graph Tables:

 ---------------------------------------------------------------------------------
 (Depth) Function   	        Calls       Base Space   Used Autos Params    Refs
 ---------------------------------------------------------------------------------
 (0) _main                                                 2     2      0     203
                                              2 COMRAM     2     2      0
                          _configuro
                          _mssp_conf
                       _pcf8574_read
                      _pcf8574_write
 ---------------------------------------------------------------------------------
 (1) _pcf8574_write                                        2     1      1     120
                                              0 COMRAM     2     1      1
 ---------------------------------------------------------------------------------
 (1) _pcf8574_read                                         1     1      0      15
                                              0 COMRAM     1     1      0
 ---------------------------------------------------------------------------------
 (1) _mssp_conf                                            0     0      0       0
 ---------------------------------------------------------------------------------
 (1) _configuro                                            0     0      0       0
 ---------------------------------------------------------------------------------
 Estimated maximum stack depth 1
 ---------------------------------------------------------------------------------

 Call Graph Graphs:

 _main (ROOT)
   _configuro
   _mssp_conf
   _pcf8574_read
   _pcf8574_write

 Address spaces:
Name               Size   Autos  Total    Cost      Usage
BIGRAM             7FF      0       0      27        0.0%
EEDATA             100      0       0       0        0.0%
BITBANK7           100      0       0      18        0.0%
BANK7              100      0       0      19        0.0%
BITBANK6           100      0       0      16        0.0%
BANK6              100      0       0      17        0.0%
BITBANK5           100      0       0      14        0.0%
BANK5              100      0       0      15        0.0%
BITBANK4           100      0       0      12        0.0%
BANK4              100      0       0      13        0.0%
BITBANK3           100      0       0      10        0.0%
BANK3              100      0       0      11        0.0%
BITBANK2           100      0       0       8        0.0%
BANK2              100      0       0       9        0.0%
BITBANK1           100      0       0       6        0.0%
BANK1              100      0       0       7        0.0%
BITBANK0            A0      0       0       4        0.0%
BANK0               A0      0       0       5        0.0%
BITCOMRAM           5F      0       0       0        0.0%
COMRAM              5F      4      12       1       18.9%
BITBIGSFRlhl        2F      0       0      22        0.0%
BITBIGSFRllhl       2D      0       0      24        0.0%
BITBIGSFRh          2C      0       0      20        0.0%
BITBIGSFRlll         B      0       0      25        0.0%
BITBIGSFRlhhh        9      0       0      21        0.0%
BITBIGSFRllhh        8      0       0      23        0.0%
BIGSFR               0      0       0     200        0.0%
BITSFR_1             0      0       0     200        0.0%
SFR_1                0      0       0     200        0.0%
BITSFR               0      0       0     200        0.0%
SFR                  0      0       0     200        0.0%
STACK                0      0       0       2        0.0%
NULL                 0      0       0       0        0.0%
ABS                  0      0      12      26        0.0%
DATA                 0      0      12       3        0.0%
CODE                 0      0       0       0        0.0%


Microchip Technology PIC18 Macro Assembler V2.36 build 20220127204148 
Symbol Table                                                                                   Wed Jun 21 16:59:12 2023

                     l31 7F38                       l40 7F6A                       l25 7EAA  
                     l34 7F4A                       l43 7F78                       l28 7EBA  
                     l60 7FCA                       l52 7F9C                       l61 7FCC  
                     l45 7F86                       l37 7F58                       l70 7FFE  
                     l46 7F88                       l63 7FDA                       l55 7FAE  
                     l39 7F66                       l64 7FDE                       l49 7F96  
                     l66 7FEC                       l58 7FBC                       l67 7FEE  
                     u70 7FAA                       u71 7FA6                       u80 7FBC  
                     u81 7FB8                       u90 7FCA                       u91 7FC6  
   __end_of_pcf8574_read 8000                      l810 7F1A                      l812 7F1C  
                    l804 7EEE                      l806 7F04                      l760 7EAE  
                    l808 7F0C                      l770 7FFC                      l756 7E9C  
                    l758 7EAC                      l766 7F9A                      l768 7FAA  
                    l792 7F36                      l794 7F46                      l796 7EE2  
                    l798 7EEA                      u100 7FDA                      u101 7FD6  
                    u110 7FEC                      u111 7FE8                      u120 7FFC  
                    u200 7F2C                      u121 7FF8                      u201 7F28  
                    u140 7F46                      u141 7F42                      u150 7F58  
                    u151 7F54                      u160 7F66                      u161 7F62  
                    u217 7F12                      u170 7F78                      u171 7F74  
                    u180 7F86                      u181 7F82                      u190 7F96  
                    u191 7F92                      wreg 000FE8    __end_of_pcf8574_write 7F98  
                   _LATD 000F8C                     _main 7EE2                     indf2 000FDF  
                   fsr1l 000FE1                     fsr2l 000FD9                     start 0000  
           ___param_bank 000000                    ?_main 000F                    _TRISD 000F95  
                  main@x 0012                    tablat 000FF5          __initialization 7EBC  
           __end_of_main 7F34                   ??_main 0011            __activetblptr 000000  
                 _ANSELD 000F5E                   _OSCCON 000FD3                   isa$std 000001  
           __pdataCOMRAM 0001                   tblptrh 000FF7                   tblptrl 000FF6  
                 tblptru 000FF8               __accesstop 0060  __end_of__initialization 7EDC  
           _pcf8574_read 7F98            ___rparam_used 000001           __pcstackCOMRAM 000F  
                _SSP1ADD 000FC8                  _SSP1BUF 000FC9                  __Hparam 0000  
                __Lparam 0000        __end_of_configuro 7EAC                  __pcinit 7EBC  
                __ramtop 0800                  __ptext0 7EE2                  __ptext1 7F34  
                __ptext2 7F98                  __ptext3 7EAC                  __ptext4 7E9C  
   end_of_initialization 7EDC        __end_of_mssp_conf 7EBC                  postdec1 000FE5  
                postinc0 000FEE            _pcf8574_write 7F34    pcf8574_read@direccion 000F  
 pcf8574_write@direccion 0010          _auto_fantastico 0001        pcf8574_write@dato 000F  
          __pidataCOMRAM 7E8E      start_initialization 7EBC           ?_pcf8574_write 000F  
              _configuro 7E9C          ??_pcf8574_write 0010                _mssp_conf 7EAC  
             ?_configuro 000F                copy_data0 7ED0            ?_pcf8574_read 000F  
               __Hrparam 0000                 __Lrparam 0000               ?_mssp_conf 000F  
           _SSP1CON1bits 000FC6             _SSP1CON2bits 000FC5           ??_pcf8574_read 000F  
               isa$xinst 000000             _SSP1STATbits 000FC7              ??_configuro 000F  
            ??_mssp_conf 000F  
